<?xml version="1.0" encoding="UTF-8"?>
<testsuite xmlns:xsi="http://www.w3.org/2001/XMLSchema-instance" xsi:noNamespaceSchemaLocation="https://maven.apache.org/surefire/maven-surefire-plugin/xsd/surefire-test-report.xsd" name="com.example.ecommercesneakers.ECommerceSneakersApplicationTests" time="7.32" tests="1" errors="0" skipped="0" failures="0">
  <properties>
    <property name="java.specification.version" value="17"/>
    <property name="sun.cpu.isalist" value="amd64"/>
    <property name="sun.jnu.encoding" value="Cp1252"/>
    <property name="java.class.path" value="C:\Users\123132\IdeaProjects\eCommerceSneakers\target\test-classes;C:\Users\123132\IdeaProjects\eCommerceSneakers\target\classes;C:\Users\123132\.m2\repository\org\springframework\boot\spring-boot-starter-data-jpa\3.0.8\spring-boot-starter-data-jpa-3.0.8.jar;C:\Users\123132\.m2\repository\org\springframework\boot\spring-boot-starter-aop\3.0.8\spring-boot-starter-aop-3.0.8.jar;C:\Users\123132\.m2\repository\org\aspectj\aspectjweaver\1.9.19\aspectjweaver-1.9.19.jar;C:\Users\123132\.m2\repository\org\springframework\boot\spring-boot-starter-jdbc\3.0.8\spring-boot-starter-jdbc-3.0.8.jar;C:\Users\123132\.m2\repository\com\zaxxer\HikariCP\5.0.1\HikariCP-5.0.1.jar;C:\Users\123132\.m2\repository\org\springframework\spring-jdbc\6.0.10\spring-jdbc-6.0.10.jar;C:\Users\123132\.m2\repository\org\hibernate\orm\hibernate-core\6.1.7.Final\hibernate-core-6.1.7.Final.jar;C:\Users\123132\.m2\repository\jakarta\persistence\jakarta.persistence-api\3.1.0\jakarta.persistence-api-3.1.0.jar;C:\Users\123132\.m2\repository\jakarta\transaction\jakarta.transaction-api\2.0.1\jakarta.transaction-api-2.0.1.jar;C:\Users\123132\.m2\repository\org\jboss\logging\jboss-logging\3.5.1.Final\jboss-logging-3.5.1.Final.jar;C:\Users\123132\.m2\repository\org\hibernate\common\hibernate-commons-annotations\6.0.6.Final\hibernate-commons-annotations-6.0.6.Final.jar;C:\Users\123132\.m2\repository\org\jboss\jandex\2.4.2.Final\jandex-2.4.2.Final.jar;C:\Users\123132\.m2\repository\com\fasterxml\classmate\1.5.1\classmate-1.5.1.jar;C:\Users\123132\.m2\repository\net\bytebuddy\byte-buddy\1.12.23\byte-buddy-1.12.23.jar;C:\Users\123132\.m2\repository\org\glassfish\jaxb\jaxb-runtime\4.0.3\jaxb-runtime-4.0.3.jar;C:\Users\123132\.m2\repository\org\glassfish\jaxb\jaxb-core\4.0.3\jaxb-core-4.0.3.jar;C:\Users\123132\.m2\repository\org\glassfish\jaxb\txw2\4.0.3\txw2-4.0.3.jar;C:\Users\123132\.m2\repository\com\sun\istack\istack-commons-runtime\4.1.2\istack-commons-runtime-4.1.2.jar;C:\Users\123132\.m2\repository\jakarta\inject\jakarta.inject-api\2.0.0\jakarta.inject-api-2.0.0.jar;C:\Users\123132\.m2\repository\org\antlr\antlr4-runtime\4.10.1\antlr4-runtime-4.10.1.jar;C:\Users\123132\.m2\repository\org\springframework\data\spring-data-jpa\3.0.7\spring-data-jpa-3.0.7.jar;C:\Users\123132\.m2\repository\org\springframework\data\spring-data-commons\3.0.7\spring-data-commons-3.0.7.jar;C:\Users\123132\.m2\repository\org\springframework\spring-orm\6.0.10\spring-orm-6.0.10.jar;C:\Users\123132\.m2\repository\org\springframework\spring-tx\6.0.10\spring-tx-6.0.10.jar;C:\Users\123132\.m2\repository\jakarta\annotation\jakarta.annotation-api\2.1.1\jakarta.annotation-api-2.1.1.jar;C:\Users\123132\.m2\repository\org\slf4j\slf4j-api\2.0.7\slf4j-api-2.0.7.jar;C:\Users\123132\.m2\repository\org\springframework\spring-aspects\6.0.10\spring-aspects-6.0.10.jar;C:\Users\123132\.m2\repository\org\springframework\boot\spring-boot-starter-web\3.0.8\spring-boot-starter-web-3.0.8.jar;C:\Users\123132\.m2\repository\org\springframework\boot\spring-boot-starter\3.0.8\spring-boot-starter-3.0.8.jar;C:\Users\123132\.m2\repository\org\springframework\boot\spring-boot-starter-logging\3.0.8\spring-boot-starter-logging-3.0.8.jar;C:\Users\123132\.m2\repository\ch\qos\logback\logback-classic\1.4.8\logback-classic-1.4.8.jar;C:\Users\123132\.m2\repository\ch\qos\logback\logback-core\1.4.8\logback-core-1.4.8.jar;C:\Users\123132\.m2\repository\org\apache\logging\log4j\log4j-to-slf4j\2.19.0\log4j-to-slf4j-2.19.0.jar;C:\Users\123132\.m2\repository\org\apache\logging\log4j\log4j-api\2.19.0\log4j-api-2.19.0.jar;C:\Users\123132\.m2\repository\org\slf4j\jul-to-slf4j\2.0.7\jul-to-slf4j-2.0.7.jar;C:\Users\123132\.m2\repository\org\yaml\snakeyaml\1.33\snakeyaml-1.33.jar;C:\Users\123132\.m2\repository\org\springframework\boot\spring-boot-starter-json\3.0.8\spring-boot-starter-json-3.0.8.jar;C:\Users\123132\.m2\repository\com\fasterxml\jackson\core\jackson-databind\2.14.3\jackson-databind-2.14.3.jar;C:\Users\123132\.m2\repository\com\fasterxml\jackson\datatype\jackson-datatype-jdk8\2.14.3\jackson-datatype-jdk8-2.14.3.jar;C:\Users\123132\.m2\repository\com\fasterxml\jackson\datatype\jackson-datatype-jsr310\2.14.3\jackson-datatype-jsr310-2.14.3.jar;C:\Users\123132\.m2\repository\com\fasterxml\jackson\module\jackson-module-parameter-names\2.14.3\jackson-module-parameter-names-2.14.3.jar;C:\Users\123132\.m2\repository\org\springframework\boot\spring-boot-starter-tomcat\3.0.8\spring-boot-starter-tomcat-3.0.8.jar;C:\Users\123132\.m2\repository\org\apache\tomcat\embed\tomcat-embed-websocket\10.1.10\tomcat-embed-websocket-10.1.10.jar;C:\Users\123132\.m2\repository\org\springframework\spring-web\6.0.10\spring-web-6.0.10.jar;C:\Users\123132\.m2\repository\io\micrometer\micrometer-observation\1.10.8\micrometer-observation-1.10.8.jar;C:\Users\123132\.m2\repository\io\micrometer\micrometer-commons\1.10.8\micrometer-commons-1.10.8.jar;C:\Users\123132\.m2\repository\org\springframework\spring-webmvc\6.0.10\spring-webmvc-6.0.10.jar;C:\Users\123132\.m2\repository\org\springframework\spring-expression\6.0.10\spring-expression-6.0.10.jar;C:\Users\123132\.m2\repository\org\springframework\boot\spring-boot-starter-web-services\3.0.8\spring-boot-starter-web-services-3.0.8.jar;C:\Users\123132\.m2\repository\com\sun\xml\messaging\saaj\saaj-impl\3.0.2\saaj-impl-3.0.2.jar;C:\Users\123132\.m2\repository\jakarta\xml\soap\jakarta.xml.soap-api\3.0.0\jakarta.xml.soap-api-3.0.0.jar;C:\Users\123132\.m2\repository\org\jvnet\staxex\stax-ex\2.1.0\stax-ex-2.1.0.jar;C:\Users\123132\.m2\repository\jakarta\activation\jakarta.activation-api\2.1.2\jakarta.activation-api-2.1.2.jar;C:\Users\123132\.m2\repository\org\eclipse\angus\angus-activation\2.0.1\angus-activation-2.0.1.jar;C:\Users\123132\.m2\repository\jakarta\xml\ws\jakarta.xml.ws-api\4.0.0\jakarta.xml.ws-api-4.0.0.jar;C:\Users\123132\.m2\repository\org\springframework\spring-oxm\6.0.10\spring-oxm-6.0.10.jar;C:\Users\123132\.m2\repository\org\springframework\ws\spring-ws-core\4.0.5\spring-ws-core-4.0.5.jar;C:\Users\123132\.m2\repository\org\springframework\ws\spring-xml\4.0.5\spring-xml-4.0.5.jar;C:\Users\123132\.m2\repository\org\springframework\boot\spring-boot-starter-webflux\3.0.8\spring-boot-starter-webflux-3.0.8.jar;C:\Users\123132\.m2\repository\org\springframework\boot\spring-boot-starter-reactor-netty\3.0.8\spring-boot-starter-reactor-netty-3.0.8.jar;C:\Users\123132\.m2\repository\io\projectreactor\netty\reactor-netty-http\1.1.8\reactor-netty-http-1.1.8.jar;C:\Users\123132\.m2\repository\io\netty\netty-codec-http\4.1.94.Final\netty-codec-http-4.1.94.Final.jar;C:\Users\123132\.m2\repository\io\netty\netty-common\4.1.94.Final\netty-common-4.1.94.Final.jar;C:\Users\123132\.m2\repository\io\netty\netty-buffer\4.1.94.Final\netty-buffer-4.1.94.Final.jar;C:\Users\123132\.m2\repository\io\netty\netty-transport\4.1.94.Final\netty-transport-4.1.94.Final.jar;C:\Users\123132\.m2\repository\io\netty\netty-codec\4.1.94.Final\netty-codec-4.1.94.Final.jar;C:\Users\123132\.m2\repository\io\netty\netty-handler\4.1.94.Final\netty-handler-4.1.94.Final.jar;C:\Users\123132\.m2\repository\io\netty\netty-codec-http2\4.1.94.Final\netty-codec-http2-4.1.94.Final.jar;C:\Users\123132\.m2\repository\io\netty\netty-resolver-dns\4.1.94.Final\netty-resolver-dns-4.1.94.Final.jar;C:\Users\123132\.m2\repository\io\netty\netty-resolver\4.1.94.Final\netty-resolver-4.1.94.Final.jar;C:\Users\123132\.m2\repository\io\netty\netty-codec-dns\4.1.94.Final\netty-codec-dns-4.1.94.Final.jar;C:\Users\123132\.m2\repository\io\netty\netty-resolver-dns-native-macos\4.1.94.Final\netty-resolver-dns-native-macos-4.1.94.Final-osx-x86_64.jar;C:\Users\123132\.m2\repository\io\netty\netty-resolver-dns-classes-macos\4.1.94.Final\netty-resolver-dns-classes-macos-4.1.94.Final.jar;C:\Users\123132\.m2\repository\io\netty\netty-transport-native-epoll\4.1.94.Final\netty-transport-native-epoll-4.1.94.Final-linux-x86_64.jar;C:\Users\123132\.m2\repository\io\netty\netty-transport-native-unix-common\4.1.94.Final\netty-transport-native-unix-common-4.1.94.Final.jar;C:\Users\123132\.m2\repository\io\netty\netty-transport-classes-epoll\4.1.94.Final\netty-transport-classes-epoll-4.1.94.Final.jar;C:\Users\123132\.m2\repository\io\projectreactor\netty\reactor-netty-core\1.1.8\reactor-netty-core-1.1.8.jar;C:\Users\123132\.m2\repository\io\netty\netty-handler-proxy\4.1.94.Final\netty-handler-proxy-4.1.94.Final.jar;C:\Users\123132\.m2\repository\io\netty\netty-codec-socks\4.1.94.Final\netty-codec-socks-4.1.94.Final.jar;C:\Users\123132\.m2\repository\org\springframework\spring-webflux\6.0.10\spring-webflux-6.0.10.jar;C:\Users\123132\.m2\repository\org\springframework\boot\spring-boot-devtools\3.0.8\spring-boot-devtools-3.0.8.jar;C:\Users\123132\.m2\repository\org\springframework\boot\spring-boot\3.0.8\spring-boot-3.0.8.jar;C:\Users\123132\.m2\repository\org\springframework\boot\spring-boot-autoconfigure\3.0.8\spring-boot-autoconfigure-3.0.8.jar;C:\Users\123132\.m2\repository\org\postgresql\postgresql\42.5.4\postgresql-42.5.4.jar;C:\Users\123132\.m2\repository\org\checkerframework\checker-qual\3.5.0\checker-qual-3.5.0.jar;C:\Users\123132\.m2\repository\org\springframework\boot\spring-boot-configuration-processor\3.0.8\spring-boot-configuration-processor-3.0.8.jar;C:\Users\123132\.m2\repository\org\projectlombok\lombok\1.18.28\lombok-1.18.28.jar;C:\Users\123132\.m2\repository\org\springframework\boot\spring-boot-starter-test\3.0.8\spring-boot-starter-test-3.0.8.jar;C:\Users\123132\.m2\repository\org\springframework\boot\spring-boot-test\3.0.8\spring-boot-test-3.0.8.jar;C:\Users\123132\.m2\repository\org\springframework\boot\spring-boot-test-autoconfigure\3.0.8\spring-boot-test-autoconfigure-3.0.8.jar;C:\Users\123132\.m2\repository\com\jayway\jsonpath\json-path\2.7.0\json-path-2.7.0.jar;C:\Users\123132\.m2\repository\net\minidev\json-smart\2.4.11\json-smart-2.4.11.jar;C:\Users\123132\.m2\repository\net\minidev\accessors-smart\2.4.11\accessors-smart-2.4.11.jar;C:\Users\123132\.m2\repository\org\ow2\asm\asm\9.3\asm-9.3.jar;C:\Users\123132\.m2\repository\jakarta\xml\bind\jakarta.xml.bind-api\4.0.0\jakarta.xml.bind-api-4.0.0.jar;C:\Users\123132\.m2\repository\org\assertj\assertj-core\3.23.1\assertj-core-3.23.1.jar;C:\Users\123132\.m2\repository\org\hamcrest\hamcrest\2.2\hamcrest-2.2.jar;C:\Users\123132\.m2\repository\org\junit\jupiter\junit-jupiter\5.9.3\junit-jupiter-5.9.3.jar;C:\Users\123132\.m2\repository\org\junit\jupiter\junit-jupiter-api\5.9.3\junit-jupiter-api-5.9.3.jar;C:\Users\123132\.m2\repository\org\opentest4j\opentest4j\1.2.0\opentest4j-1.2.0.jar;C:\Users\123132\.m2\repository\org\junit\platform\junit-platform-commons\1.9.3\junit-platform-commons-1.9.3.jar;C:\Users\123132\.m2\repository\org\apiguardian\apiguardian-api\1.1.2\apiguardian-api-1.1.2.jar;C:\Users\123132\.m2\repository\org\junit\jupiter\junit-jupiter-params\5.9.3\junit-jupiter-params-5.9.3.jar;C:\Users\123132\.m2\repository\org\junit\jupiter\junit-jupiter-engine\5.9.3\junit-jupiter-engine-5.9.3.jar;C:\Users\123132\.m2\repository\org\junit\platform\junit-platform-engine\1.9.3\junit-platform-engine-1.9.3.jar;C:\Users\123132\.m2\repository\org\mockito\mockito-core\4.8.1\mockito-core-4.8.1.jar;C:\Users\123132\.m2\repository\net\bytebuddy\byte-buddy-agent\1.12.23\byte-buddy-agent-1.12.23.jar;C:\Users\123132\.m2\repository\org\objenesis\objenesis\3.2\objenesis-3.2.jar;C:\Users\123132\.m2\repository\org\mockito\mockito-junit-jupiter\4.8.1\mockito-junit-jupiter-4.8.1.jar;C:\Users\123132\.m2\repository\org\skyscreamer\jsonassert\1.5.1\jsonassert-1.5.1.jar;C:\Users\123132\.m2\repository\com\vaadin\external\google\android-json\0.0.20131108.vaadin1\android-json-0.0.20131108.vaadin1.jar;C:\Users\123132\.m2\repository\org\springframework\spring-core\6.0.10\spring-core-6.0.10.jar;C:\Users\123132\.m2\repository\org\springframework\spring-jcl\6.0.10\spring-jcl-6.0.10.jar;C:\Users\123132\.m2\repository\org\springframework\spring-test\6.0.10\spring-test-6.0.10.jar;C:\Users\123132\.m2\repository\org\xmlunit\xmlunit-core\2.9.1\xmlunit-core-2.9.1.jar;C:\Users\123132\.m2\repository\io\projectreactor\reactor-test\3.5.7\reactor-test-3.5.7.jar;C:\Users\123132\.m2\repository\io\projectreactor\reactor-core\3.5.7\reactor-core-3.5.7.jar;C:\Users\123132\.m2\repository\org\reactivestreams\reactive-streams\1.0.4\reactive-streams-1.0.4.jar;C:\Users\123132\.m2\repository\org\springframework\boot\spring-boot-starter-validation\3.0.8\spring-boot-starter-validation-3.0.8.jar;C:\Users\123132\.m2\repository\org\apache\tomcat\embed\tomcat-embed-el\10.1.10\tomcat-embed-el-10.1.10.jar;C:\Users\123132\.m2\repository\org\hibernate\validator\hibernate-validator\8.0.0.Final\hibernate-validator-8.0.0.Final.jar;C:\Users\123132\.m2\repository\jakarta\validation\jakarta.validation-api\3.0.2\jakarta.validation-api-3.0.2.jar;C:\Users\123132\.m2\repository\org\apache\tomcat\embed\tomcat-embed-jasper\10.1.10\tomcat-embed-jasper-10.1.10.jar;C:\Users\123132\.m2\repository\org\apache\tomcat\embed\tomcat-embed-core\10.1.10\tomcat-embed-core-10.1.10.jar;C:\Users\123132\.m2\repository\org\apache\tomcat\tomcat-annotations-api\10.1.10\tomcat-annotations-api-10.1.10.jar;C:\Users\123132\.m2\repository\org\eclipse\jdt\ecj\3.33.0\ecj-3.33.0.jar;C:\Users\123132\.m2\repository\jakarta\servlet\jsp\jstl\jakarta.servlet.jsp.jstl-api\3.0.0\jakarta.servlet.jsp.jstl-api-3.0.0.jar;C:\Users\123132\.m2\repository\jakarta\servlet\jakarta.servlet-api\6.0.0\jakarta.servlet-api-6.0.0.jar;C:\Users\123132\.m2\repository\jakarta\el\jakarta.el-api\5.0.0\jakarta.el-api-5.0.0.jar;C:\Users\123132\.m2\repository\org\springframework\security\spring-security-config\6.0.4\spring-security-config-6.0.4.jar;C:\Users\123132\.m2\repository\org\springframework\security\spring-security-core\6.0.4\spring-security-core-6.0.4.jar;C:\Users\123132\.m2\repository\org\springframework\security\spring-security-crypto\6.0.4\spring-security-crypto-6.0.4.jar;C:\Users\123132\.m2\repository\org\springframework\spring-aop\6.0.10\spring-aop-6.0.10.jar;C:\Users\123132\.m2\repository\org\springframework\spring-beans\6.0.10\spring-beans-6.0.10.jar;C:\Users\123132\.m2\repository\org\springframework\spring-context\6.0.10\spring-context-6.0.10.jar;C:\Users\123132\.m2\repository\org\springframework\boot\spring-boot-starter-security\3.0.8\spring-boot-starter-security-3.0.8.jar;C:\Users\123132\.m2\repository\org\springframework\security\spring-security-web\6.0.4\spring-security-web-6.0.4.jar;C:\Users\123132\.m2\repository\org\springframework\boot\spring-boot-starter-oauth2-resource-server\3.0.8\spring-boot-starter-oauth2-resource-server-3.0.8.jar;C:\Users\123132\.m2\repository\org\springframework\security\spring-security-oauth2-resource-server\6.0.4\spring-security-oauth2-resource-server-6.0.4.jar;C:\Users\123132\.m2\repository\org\springframework\security\spring-security-oauth2-core\6.0.4\spring-security-oauth2-core-6.0.4.jar;C:\Users\123132\.m2\repository\org\springframework\security\spring-security-oauth2-jose\6.0.4\spring-security-oauth2-jose-6.0.4.jar;C:\Users\123132\.m2\repository\com\nimbusds\nimbus-jose-jwt\9.24.4\nimbus-jose-jwt-9.24.4.jar;C:\Users\123132\.m2\repository\com\github\stephenc\jcip\jcip-annotations\1.0-1\jcip-annotations-1.0-1.jar;C:\Users\123132\.m2\repository\org\keycloak\keycloak-spring-boot-starter\18.0.2\keycloak-spring-boot-starter-18.0.2.jar;C:\Users\123132\.m2\repository\org\keycloak\keycloak-spring-boot-2-adapter\18.0.2\keycloak-spring-boot-2-adapter-18.0.2.jar;C:\Users\123132\.m2\repository\org\keycloak\keycloak-spring-boot-adapter-core\18.0.2\keycloak-spring-boot-adapter-core-18.0.2.jar;C:\Users\123132\.m2\repository\org\keycloak\keycloak-authz-client\18.0.2\keycloak-authz-client-18.0.2.jar;C:\Users\123132\.m2\repository\org\apache\httpcomponents\httpclient\4.5.14\httpclient-4.5.14.jar;C:\Users\123132\.m2\repository\org\apache\httpcomponents\httpcore\4.4.16\httpcore-4.4.16.jar;C:\Users\123132\.m2\repository\org\keycloak\spring-boot-container-bundle\18.0.2\spring-boot-container-bundle-18.0.2.jar;C:\Users\123132\.m2\repository\org\keycloak\keycloak-adapter-core\18.0.2\keycloak-adapter-core-18.0.2.jar;C:\Users\123132\.m2\repository\org\keycloak\keycloak-spring-security-adapter\18.0.2\keycloak-spring-security-adapter-18.0.2.jar;C:\Users\123132\.m2\repository\org\keycloak\keycloak-adapter-spi\18.0.2\keycloak-adapter-spi-18.0.2.jar;C:\Users\123132\.m2\repository\org\bouncycastle\bcprov-jdk15on\1.68\bcprov-jdk15on-1.68.jar;C:\Users\123132\.m2\repository\com\fasterxml\jackson\core\jackson-core\2.14.3\jackson-core-2.14.3.jar;C:\Users\123132\.m2\repository\com\fasterxml\jackson\core\jackson-annotations\2.14.3\jackson-annotations-2.14.3.jar;C:\Users\123132\.m2\repository\org\keycloak\keycloak-admin-client\18.0.2\keycloak-admin-client-18.0.2.jar;C:\Users\123132\.m2\repository\org\keycloak\keycloak-core\18.0.2\keycloak-core-18.0.2.jar;C:\Users\123132\.m2\repository\org\keycloak\keycloak-common\18.0.2\keycloak-common-18.0.2.jar;C:\Users\123132\.m2\repository\org\jboss\resteasy\resteasy-client\3.13.2.Final\resteasy-client-3.13.2.Final.jar;C:\Users\123132\.m2\repository\org\jboss\spec\javax\ws\rs\jboss-jaxrs-api_2.1_spec\2.0.1.Final\jboss-jaxrs-api_2.1_spec-2.0.1.Final.jar;C:\Users\123132\.m2\repository\org\jboss\resteasy\resteasy-jaxrs\3.13.2.Final\resteasy-jaxrs-3.13.2.Final.jar;C:\Users\123132\.m2\repository\org\jboss\spec\javax\annotation\jboss-annotations-api_1.3_spec\2.0.1.Final\jboss-annotations-api_1.3_spec-2.0.1.Final.jar;C:\Users\123132\.m2\repository\com\sun\activation\jakarta.activation\1.2.1\jakarta.activation-1.2.1.jar;C:\Users\123132\.m2\repository\commons-codec\commons-codec\1.15\commons-codec-1.15.jar;C:\Users\123132\.m2\repository\commons-io\commons-io\2.5\commons-io-2.5.jar;C:\Users\123132\.m2\repository\org\jboss\resteasy\resteasy-multipart-provider\3.13.2.Final\resteasy-multipart-provider-3.13.2.Final.jar;C:\Users\123132\.m2\repository\com\sun\mail\jakarta.mail\1.6.5\jakarta.mail-1.6.5.jar;C:\Users\123132\.m2\repository\org\apache\james\apache-mime4j\0.6\apache-mime4j-0.6.jar;C:\Users\123132\.m2\repository\org\jboss\resteasy\resteasy-jackson2-provider\3.13.2.Final\resteasy-jackson2-provider-3.13.2.Final.jar;C:\Users\123132\.m2\repository\com\fasterxml\jackson\jaxrs\jackson-jaxrs-json-provider\2.14.3\jackson-jaxrs-json-provider-2.14.3.jar;C:\Users\123132\.m2\repository\com\fasterxml\jackson\jaxrs\jackson-jaxrs-base\2.14.3\jackson-jaxrs-base-2.14.3.jar;C:\Users\123132\.m2\repository\com\fasterxml\jackson\module\jackson-module-jaxb-annotations\2.14.3\jackson-module-jaxb-annotations-2.14.3.jar;C:\Users\123132\.m2\repository\com\github\fge\json-patch\1.9\json-patch-1.9.jar;C:\Users\123132\.m2\repository\com\github\fge\jackson-coreutils\1.6\jackson-coreutils-1.6.jar;C:\Users\123132\.m2\repository\com\github\fge\msg-simple\1.1\msg-simple-1.1.jar;C:\Users\123132\.m2\repository\com\github\fge\btf\1.2\btf-1.2.jar;C:\Users\123132\.m2\repository\com\google\guava\guava\28.1-jre\guava-28.1-jre.jar;C:\Users\123132\.m2\repository\com\google\guava\failureaccess\1.0.1\failureaccess-1.0.1.jar;C:\Users\123132\.m2\repository\com\google\guava\listenablefuture\9999.0-empty-to-avoid-conflict-with-guava\listenablefuture-9999.0-empty-to-avoid-conflict-with-guava.jar;C:\Users\123132\.m2\repository\org\jboss\resteasy\resteasy-jaxb-provider\3.13.2.Final\resteasy-jaxb-provider-3.13.2.Final.jar;C:\Users\123132\.m2\repository\org\jboss\spec\javax\xml\bind\jboss-jaxb-api_2.3_spec\2.0.0.Final\jboss-jaxb-api_2.3_spec-2.0.0.Final.jar;"/>
    <property name="java.vm.vendor" value="Amazon.com Inc."/>
    <property name="sun.arch.data.model" value="64"/>
    <property name="user.variant" value=""/>
    <property name="java.vendor.url" value="https://aws.amazon.com/corretto/"/>
    <property name="user.timezone" value="Europe/Rome"/>
    <property name="os.name" value="Windows 11"/>
    <property name="java.vm.specification.version" value="17"/>
    <property name="sun.java.launcher" value="SUN_STANDARD"/>
    <property name="user.country" value="IT"/>
    <property name="sun.boot.library.path" value="C:\Users\123132\.jdks\corretto-17.0.7\bin"/>
    <property name="sun.java.command" value="C:\Users\123132\AppData\Local\Temp\surefire15580840853926940098\surefirebooter1216500832902615269.jar C:\Users\123132\AppData\Local\Temp\surefire15580840853926940098 2023-07-04T19-05-42_435-jvmRun1 surefire6375018577903502047tmp surefire_03917370307126896140tmp"/>
    <property name="jdk.debug" value="release"/>
    <property name="surefire.test.class.path" value="C:\Users\123132\IdeaProjects\eCommerceSneakers\target\test-classes;C:\Users\123132\IdeaProjects\eCommerceSneakers\target\classes;C:\Users\123132\.m2\repository\org\springframework\boot\spring-boot-starter-data-jpa\3.0.8\spring-boot-starter-data-jpa-3.0.8.jar;C:\Users\123132\.m2\repository\org\springframework\boot\spring-boot-starter-aop\3.0.8\spring-boot-starter-aop-3.0.8.jar;C:\Users\123132\.m2\repository\org\aspectj\aspectjweaver\1.9.19\aspectjweaver-1.9.19.jar;C:\Users\123132\.m2\repository\org\springframework\boot\spring-boot-starter-jdbc\3.0.8\spring-boot-starter-jdbc-3.0.8.jar;C:\Users\123132\.m2\repository\com\zaxxer\HikariCP\5.0.1\HikariCP-5.0.1.jar;C:\Users\123132\.m2\repository\org\springframework\spring-jdbc\6.0.10\spring-jdbc-6.0.10.jar;C:\Users\123132\.m2\repository\org\hibernate\orm\hibernate-core\6.1.7.Final\hibernate-core-6.1.7.Final.jar;C:\Users\123132\.m2\repository\jakarta\persistence\jakarta.persistence-api\3.1.0\jakarta.persistence-api-3.1.0.jar;C:\Users\123132\.m2\repository\jakarta\transaction\jakarta.transaction-api\2.0.1\jakarta.transaction-api-2.0.1.jar;C:\Users\123132\.m2\repository\org\jboss\logging\jboss-logging\3.5.1.Final\jboss-logging-3.5.1.Final.jar;C:\Users\123132\.m2\repository\org\hibernate\common\hibernate-commons-annotations\6.0.6.Final\hibernate-commons-annotations-6.0.6.Final.jar;C:\Users\123132\.m2\repository\org\jboss\jandex\2.4.2.Final\jandex-2.4.2.Final.jar;C:\Users\123132\.m2\repository\com\fasterxml\classmate\1.5.1\classmate-1.5.1.jar;C:\Users\123132\.m2\repository\net\bytebuddy\byte-buddy\1.12.23\byte-buddy-1.12.23.jar;C:\Users\123132\.m2\repository\org\glassfish\jaxb\jaxb-runtime\4.0.3\jaxb-runtime-4.0.3.jar;C:\Users\123132\.m2\repository\org\glassfish\jaxb\jaxb-core\4.0.3\jaxb-core-4.0.3.jar;C:\Users\123132\.m2\repository\org\glassfish\jaxb\txw2\4.0.3\txw2-4.0.3.jar;C:\Users\123132\.m2\repository\com\sun\istack\istack-commons-runtime\4.1.2\istack-commons-runtime-4.1.2.jar;C:\Users\123132\.m2\repository\jakarta\inject\jakarta.inject-api\2.0.0\jakarta.inject-api-2.0.0.jar;C:\Users\123132\.m2\repository\org\antlr\antlr4-runtime\4.10.1\antlr4-runtime-4.10.1.jar;C:\Users\123132\.m2\repository\org\springframework\data\spring-data-jpa\3.0.7\spring-data-jpa-3.0.7.jar;C:\Users\123132\.m2\repository\org\springframework\data\spring-data-commons\3.0.7\spring-data-commons-3.0.7.jar;C:\Users\123132\.m2\repository\org\springframework\spring-orm\6.0.10\spring-orm-6.0.10.jar;C:\Users\123132\.m2\repository\org\springframework\spring-tx\6.0.10\spring-tx-6.0.10.jar;C:\Users\123132\.m2\repository\jakarta\annotation\jakarta.annotation-api\2.1.1\jakarta.annotation-api-2.1.1.jar;C:\Users\123132\.m2\repository\org\slf4j\slf4j-api\2.0.7\slf4j-api-2.0.7.jar;C:\Users\123132\.m2\repository\org\springframework\spring-aspects\6.0.10\spring-aspects-6.0.10.jar;C:\Users\123132\.m2\repository\org\springframework\boot\spring-boot-starter-web\3.0.8\spring-boot-starter-web-3.0.8.jar;C:\Users\123132\.m2\repository\org\springframework\boot\spring-boot-starter\3.0.8\spring-boot-starter-3.0.8.jar;C:\Users\123132\.m2\repository\org\springframework\boot\spring-boot-starter-logging\3.0.8\spring-boot-starter-logging-3.0.8.jar;C:\Users\123132\.m2\repository\ch\qos\logback\logback-classic\1.4.8\logback-classic-1.4.8.jar;C:\Users\123132\.m2\repository\ch\qos\logback\logback-core\1.4.8\logback-core-1.4.8.jar;C:\Users\123132\.m2\repository\org\apache\logging\log4j\log4j-to-slf4j\2.19.0\log4j-to-slf4j-2.19.0.jar;C:\Users\123132\.m2\repository\org\apache\logging\log4j\log4j-api\2.19.0\log4j-api-2.19.0.jar;C:\Users\123132\.m2\repository\org\slf4j\jul-to-slf4j\2.0.7\jul-to-slf4j-2.0.7.jar;C:\Users\123132\.m2\repository\org\yaml\snakeyaml\1.33\snakeyaml-1.33.jar;C:\Users\123132\.m2\repository\org\springframework\boot\spring-boot-starter-json\3.0.8\spring-boot-starter-json-3.0.8.jar;C:\Users\123132\.m2\repository\com\fasterxml\jackson\core\jackson-databind\2.14.3\jackson-databind-2.14.3.jar;C:\Users\123132\.m2\repository\com\fasterxml\jackson\datatype\jackson-datatype-jdk8\2.14.3\jackson-datatype-jdk8-2.14.3.jar;C:\Users\123132\.m2\repository\com\fasterxml\jackson\datatype\jackson-datatype-jsr310\2.14.3\jackson-datatype-jsr310-2.14.3.jar;C:\Users\123132\.m2\repository\com\fasterxml\jackson\module\jackson-module-parameter-names\2.14.3\jackson-module-parameter-names-2.14.3.jar;C:\Users\123132\.m2\repository\org\springframework\boot\spring-boot-starter-tomcat\3.0.8\spring-boot-starter-tomcat-3.0.8.jar;C:\Users\123132\.m2\repository\org\apache\tomcat\embed\tomcat-embed-websocket\10.1.10\tomcat-embed-websocket-10.1.10.jar;C:\Users\123132\.m2\repository\org\springframework\spring-web\6.0.10\spring-web-6.0.10.jar;C:\Users\123132\.m2\repository\io\micrometer\micrometer-observation\1.10.8\micrometer-observation-1.10.8.jar;C:\Users\123132\.m2\repository\io\micrometer\micrometer-commons\1.10.8\micrometer-commons-1.10.8.jar;C:\Users\123132\.m2\repository\org\springframework\spring-webmvc\6.0.10\spring-webmvc-6.0.10.jar;C:\Users\123132\.m2\repository\org\springframework\spring-expression\6.0.10\spring-expression-6.0.10.jar;C:\Users\123132\.m2\repository\org\springframework\boot\spring-boot-starter-web-services\3.0.8\spring-boot-starter-web-services-3.0.8.jar;C:\Users\123132\.m2\repository\com\sun\xml\messaging\saaj\saaj-impl\3.0.2\saaj-impl-3.0.2.jar;C:\Users\123132\.m2\repository\jakarta\xml\soap\jakarta.xml.soap-api\3.0.0\jakarta.xml.soap-api-3.0.0.jar;C:\Users\123132\.m2\repository\org\jvnet\staxex\stax-ex\2.1.0\stax-ex-2.1.0.jar;C:\Users\123132\.m2\repository\jakarta\activation\jakarta.activation-api\2.1.2\jakarta.activation-api-2.1.2.jar;C:\Users\123132\.m2\repository\org\eclipse\angus\angus-activation\2.0.1\angus-activation-2.0.1.jar;C:\Users\123132\.m2\repository\jakarta\xml\ws\jakarta.xml.ws-api\4.0.0\jakarta.xml.ws-api-4.0.0.jar;C:\Users\123132\.m2\repository\org\springframework\spring-oxm\6.0.10\spring-oxm-6.0.10.jar;C:\Users\123132\.m2\repository\org\springframework\ws\spring-ws-core\4.0.5\spring-ws-core-4.0.5.jar;C:\Users\123132\.m2\repository\org\springframework\ws\spring-xml\4.0.5\spring-xml-4.0.5.jar;C:\Users\123132\.m2\repository\org\springframework\boot\spring-boot-starter-webflux\3.0.8\spring-boot-starter-webflux-3.0.8.jar;C:\Users\123132\.m2\repository\org\springframework\boot\spring-boot-starter-reactor-netty\3.0.8\spring-boot-starter-reactor-netty-3.0.8.jar;C:\Users\123132\.m2\repository\io\projectreactor\netty\reactor-netty-http\1.1.8\reactor-netty-http-1.1.8.jar;C:\Users\123132\.m2\repository\io\netty\netty-codec-http\4.1.94.Final\netty-codec-http-4.1.94.Final.jar;C:\Users\123132\.m2\repository\io\netty\netty-common\4.1.94.Final\netty-common-4.1.94.Final.jar;C:\Users\123132\.m2\repository\io\netty\netty-buffer\4.1.94.Final\netty-buffer-4.1.94.Final.jar;C:\Users\123132\.m2\repository\io\netty\netty-transport\4.1.94.Final\netty-transport-4.1.94.Final.jar;C:\Users\123132\.m2\repository\io\netty\netty-codec\4.1.94.Final\netty-codec-4.1.94.Final.jar;C:\Users\123132\.m2\repository\io\netty\netty-handler\4.1.94.Final\netty-handler-4.1.94.Final.jar;C:\Users\123132\.m2\repository\io\netty\netty-codec-http2\4.1.94.Final\netty-codec-http2-4.1.94.Final.jar;C:\Users\123132\.m2\repository\io\netty\netty-resolver-dns\4.1.94.Final\netty-resolver-dns-4.1.94.Final.jar;C:\Users\123132\.m2\repository\io\netty\netty-resolver\4.1.94.Final\netty-resolver-4.1.94.Final.jar;C:\Users\123132\.m2\repository\io\netty\netty-codec-dns\4.1.94.Final\netty-codec-dns-4.1.94.Final.jar;C:\Users\123132\.m2\repository\io\netty\netty-resolver-dns-native-macos\4.1.94.Final\netty-resolver-dns-native-macos-4.1.94.Final-osx-x86_64.jar;C:\Users\123132\.m2\repository\io\netty\netty-resolver-dns-classes-macos\4.1.94.Final\netty-resolver-dns-classes-macos-4.1.94.Final.jar;C:\Users\123132\.m2\repository\io\netty\netty-transport-native-epoll\4.1.94.Final\netty-transport-native-epoll-4.1.94.Final-linux-x86_64.jar;C:\Users\123132\.m2\repository\io\netty\netty-transport-native-unix-common\4.1.94.Final\netty-transport-native-unix-common-4.1.94.Final.jar;C:\Users\123132\.m2\repository\io\netty\netty-transport-classes-epoll\4.1.94.Final\netty-transport-classes-epoll-4.1.94.Final.jar;C:\Users\123132\.m2\repository\io\projectreactor\netty\reactor-netty-core\1.1.8\reactor-netty-core-1.1.8.jar;C:\Users\123132\.m2\repository\io\netty\netty-handler-proxy\4.1.94.Final\netty-handler-proxy-4.1.94.Final.jar;C:\Users\123132\.m2\repository\io\netty\netty-codec-socks\4.1.94.Final\netty-codec-socks-4.1.94.Final.jar;C:\Users\123132\.m2\repository\org\springframework\spring-webflux\6.0.10\spring-webflux-6.0.10.jar;C:\Users\123132\.m2\repository\org\springframework\boot\spring-boot-devtools\3.0.8\spring-boot-devtools-3.0.8.jar;C:\Users\123132\.m2\repository\org\springframework\boot\spring-boot\3.0.8\spring-boot-3.0.8.jar;C:\Users\123132\.m2\repository\org\springframework\boot\spring-boot-autoconfigure\3.0.8\spring-boot-autoconfigure-3.0.8.jar;C:\Users\123132\.m2\repository\org\postgresql\postgresql\42.5.4\postgresql-42.5.4.jar;C:\Users\123132\.m2\repository\org\checkerframework\checker-qual\3.5.0\checker-qual-3.5.0.jar;C:\Users\123132\.m2\repository\org\springframework\boot\spring-boot-configuration-processor\3.0.8\spring-boot-configuration-processor-3.0.8.jar;C:\Users\123132\.m2\repository\org\projectlombok\lombok\1.18.28\lombok-1.18.28.jar;C:\Users\123132\.m2\repository\org\springframework\boot\spring-boot-starter-test\3.0.8\spring-boot-starter-test-3.0.8.jar;C:\Users\123132\.m2\repository\org\springframework\boot\spring-boot-test\3.0.8\spring-boot-test-3.0.8.jar;C:\Users\123132\.m2\repository\org\springframework\boot\spring-boot-test-autoconfigure\3.0.8\spring-boot-test-autoconfigure-3.0.8.jar;C:\Users\123132\.m2\repository\com\jayway\jsonpath\json-path\2.7.0\json-path-2.7.0.jar;C:\Users\123132\.m2\repository\net\minidev\json-smart\2.4.11\json-smart-2.4.11.jar;C:\Users\123132\.m2\repository\net\minidev\accessors-smart\2.4.11\accessors-smart-2.4.11.jar;C:\Users\123132\.m2\repository\org\ow2\asm\asm\9.3\asm-9.3.jar;C:\Users\123132\.m2\repository\jakarta\xml\bind\jakarta.xml.bind-api\4.0.0\jakarta.xml.bind-api-4.0.0.jar;C:\Users\123132\.m2\repository\org\assertj\assertj-core\3.23.1\assertj-core-3.23.1.jar;C:\Users\123132\.m2\repository\org\hamcrest\hamcrest\2.2\hamcrest-2.2.jar;C:\Users\123132\.m2\repository\org\junit\jupiter\junit-jupiter\5.9.3\junit-jupiter-5.9.3.jar;C:\Users\123132\.m2\repository\org\junit\jupiter\junit-jupiter-api\5.9.3\junit-jupiter-api-5.9.3.jar;C:\Users\123132\.m2\repository\org\opentest4j\opentest4j\1.2.0\opentest4j-1.2.0.jar;C:\Users\123132\.m2\repository\org\junit\platform\junit-platform-commons\1.9.3\junit-platform-commons-1.9.3.jar;C:\Users\123132\.m2\repository\org\apiguardian\apiguardian-api\1.1.2\apiguardian-api-1.1.2.jar;C:\Users\123132\.m2\repository\org\junit\jupiter\junit-jupiter-params\5.9.3\junit-jupiter-params-5.9.3.jar;C:\Users\123132\.m2\repository\org\junit\jupiter\junit-jupiter-engine\5.9.3\junit-jupiter-engine-5.9.3.jar;C:\Users\123132\.m2\repository\org\junit\platform\junit-platform-engine\1.9.3\junit-platform-engine-1.9.3.jar;C:\Users\123132\.m2\repository\org\mockito\mockito-core\4.8.1\mockito-core-4.8.1.jar;C:\Users\123132\.m2\repository\net\bytebuddy\byte-buddy-agent\1.12.23\byte-buddy-agent-1.12.23.jar;C:\Users\123132\.m2\repository\org\objenesis\objenesis\3.2\objenesis-3.2.jar;C:\Users\123132\.m2\repository\org\mockito\mockito-junit-jupiter\4.8.1\mockito-junit-jupiter-4.8.1.jar;C:\Users\123132\.m2\repository\org\skyscreamer\jsonassert\1.5.1\jsonassert-1.5.1.jar;C:\Users\123132\.m2\repository\com\vaadin\external\google\android-json\0.0.20131108.vaadin1\android-json-0.0.20131108.vaadin1.jar;C:\Users\123132\.m2\repository\org\springframework\spring-core\6.0.10\spring-core-6.0.10.jar;C:\Users\123132\.m2\repository\org\springframework\spring-jcl\6.0.10\spring-jcl-6.0.10.jar;C:\Users\123132\.m2\repository\org\springframework\spring-test\6.0.10\spring-test-6.0.10.jar;C:\Users\123132\.m2\repository\org\xmlunit\xmlunit-core\2.9.1\xmlunit-core-2.9.1.jar;C:\Users\123132\.m2\repository\io\projectreactor\reactor-test\3.5.7\reactor-test-3.5.7.jar;C:\Users\123132\.m2\repository\io\projectreactor\reactor-core\3.5.7\reactor-core-3.5.7.jar;C:\Users\123132\.m2\repository\org\reactivestreams\reactive-streams\1.0.4\reactive-streams-1.0.4.jar;C:\Users\123132\.m2\repository\org\springframework\boot\spring-boot-starter-validation\3.0.8\spring-boot-starter-validation-3.0.8.jar;C:\Users\123132\.m2\repository\org\apache\tomcat\embed\tomcat-embed-el\10.1.10\tomcat-embed-el-10.1.10.jar;C:\Users\123132\.m2\repository\org\hibernate\validator\hibernate-validator\8.0.0.Final\hibernate-validator-8.0.0.Final.jar;C:\Users\123132\.m2\repository\jakarta\validation\jakarta.validation-api\3.0.2\jakarta.validation-api-3.0.2.jar;C:\Users\123132\.m2\repository\org\apache\tomcat\embed\tomcat-embed-jasper\10.1.10\tomcat-embed-jasper-10.1.10.jar;C:\Users\123132\.m2\repository\org\apache\tomcat\embed\tomcat-embed-core\10.1.10\tomcat-embed-core-10.1.10.jar;C:\Users\123132\.m2\repository\org\apache\tomcat\tomcat-annotations-api\10.1.10\tomcat-annotations-api-10.1.10.jar;C:\Users\123132\.m2\repository\org\eclipse\jdt\ecj\3.33.0\ecj-3.33.0.jar;C:\Users\123132\.m2\repository\jakarta\servlet\jsp\jstl\jakarta.servlet.jsp.jstl-api\3.0.0\jakarta.servlet.jsp.jstl-api-3.0.0.jar;C:\Users\123132\.m2\repository\jakarta\servlet\jakarta.servlet-api\6.0.0\jakarta.servlet-api-6.0.0.jar;C:\Users\123132\.m2\repository\jakarta\el\jakarta.el-api\5.0.0\jakarta.el-api-5.0.0.jar;C:\Users\123132\.m2\repository\org\springframework\security\spring-security-config\6.0.4\spring-security-config-6.0.4.jar;C:\Users\123132\.m2\repository\org\springframework\security\spring-security-core\6.0.4\spring-security-core-6.0.4.jar;C:\Users\123132\.m2\repository\org\springframework\security\spring-security-crypto\6.0.4\spring-security-crypto-6.0.4.jar;C:\Users\123132\.m2\repository\org\springframework\spring-aop\6.0.10\spring-aop-6.0.10.jar;C:\Users\123132\.m2\repository\org\springframework\spring-beans\6.0.10\spring-beans-6.0.10.jar;C:\Users\123132\.m2\repository\org\springframework\spring-context\6.0.10\spring-context-6.0.10.jar;C:\Users\123132\.m2\repository\org\springframework\boot\spring-boot-starter-security\3.0.8\spring-boot-starter-security-3.0.8.jar;C:\Users\123132\.m2\repository\org\springframework\security\spring-security-web\6.0.4\spring-security-web-6.0.4.jar;C:\Users\123132\.m2\repository\org\springframework\boot\spring-boot-starter-oauth2-resource-server\3.0.8\spring-boot-starter-oauth2-resource-server-3.0.8.jar;C:\Users\123132\.m2\repository\org\springframework\security\spring-security-oauth2-resource-server\6.0.4\spring-security-oauth2-resource-server-6.0.4.jar;C:\Users\123132\.m2\repository\org\springframework\security\spring-security-oauth2-core\6.0.4\spring-security-oauth2-core-6.0.4.jar;C:\Users\123132\.m2\repository\org\springframework\security\spring-security-oauth2-jose\6.0.4\spring-security-oauth2-jose-6.0.4.jar;C:\Users\123132\.m2\repository\com\nimbusds\nimbus-jose-jwt\9.24.4\nimbus-jose-jwt-9.24.4.jar;C:\Users\123132\.m2\repository\com\github\stephenc\jcip\jcip-annotations\1.0-1\jcip-annotations-1.0-1.jar;C:\Users\123132\.m2\repository\org\keycloak\keycloak-spring-boot-starter\18.0.2\keycloak-spring-boot-starter-18.0.2.jar;C:\Users\123132\.m2\repository\org\keycloak\keycloak-spring-boot-2-adapter\18.0.2\keycloak-spring-boot-2-adapter-18.0.2.jar;C:\Users\123132\.m2\repository\org\keycloak\keycloak-spring-boot-adapter-core\18.0.2\keycloak-spring-boot-adapter-core-18.0.2.jar;C:\Users\123132\.m2\repository\org\keycloak\keycloak-authz-client\18.0.2\keycloak-authz-client-18.0.2.jar;C:\Users\123132\.m2\repository\org\apache\httpcomponents\httpclient\4.5.14\httpclient-4.5.14.jar;C:\Users\123132\.m2\repository\org\apache\httpcomponents\httpcore\4.4.16\httpcore-4.4.16.jar;C:\Users\123132\.m2\repository\org\keycloak\spring-boot-container-bundle\18.0.2\spring-boot-container-bundle-18.0.2.jar;C:\Users\123132\.m2\repository\org\keycloak\keycloak-adapter-core\18.0.2\keycloak-adapter-core-18.0.2.jar;C:\Users\123132\.m2\repository\org\keycloak\keycloak-spring-security-adapter\18.0.2\keycloak-spring-security-adapter-18.0.2.jar;C:\Users\123132\.m2\repository\org\keycloak\keycloak-adapter-spi\18.0.2\keycloak-adapter-spi-18.0.2.jar;C:\Users\123132\.m2\repository\org\bouncycastle\bcprov-jdk15on\1.68\bcprov-jdk15on-1.68.jar;C:\Users\123132\.m2\repository\com\fasterxml\jackson\core\jackson-core\2.14.3\jackson-core-2.14.3.jar;C:\Users\123132\.m2\repository\com\fasterxml\jackson\core\jackson-annotations\2.14.3\jackson-annotations-2.14.3.jar;C:\Users\123132\.m2\repository\org\keycloak\keycloak-admin-client\18.0.2\keycloak-admin-client-18.0.2.jar;C:\Users\123132\.m2\repository\org\keycloak\keycloak-core\18.0.2\keycloak-core-18.0.2.jar;C:\Users\123132\.m2\repository\org\keycloak\keycloak-common\18.0.2\keycloak-common-18.0.2.jar;C:\Users\123132\.m2\repository\org\jboss\resteasy\resteasy-client\3.13.2.Final\resteasy-client-3.13.2.Final.jar;C:\Users\123132\.m2\repository\org\jboss\spec\javax\ws\rs\jboss-jaxrs-api_2.1_spec\2.0.1.Final\jboss-jaxrs-api_2.1_spec-2.0.1.Final.jar;C:\Users\123132\.m2\repository\org\jboss\resteasy\resteasy-jaxrs\3.13.2.Final\resteasy-jaxrs-3.13.2.Final.jar;C:\Users\123132\.m2\repository\org\jboss\spec\javax\annotation\jboss-annotations-api_1.3_spec\2.0.1.Final\jboss-annotations-api_1.3_spec-2.0.1.Final.jar;C:\Users\123132\.m2\repository\com\sun\activation\jakarta.activation\1.2.1\jakarta.activation-1.2.1.jar;C:\Users\123132\.m2\repository\commons-codec\commons-codec\1.15\commons-codec-1.15.jar;C:\Users\123132\.m2\repository\commons-io\commons-io\2.5\commons-io-2.5.jar;C:\Users\123132\.m2\repository\org\jboss\resteasy\resteasy-multipart-provider\3.13.2.Final\resteasy-multipart-provider-3.13.2.Final.jar;C:\Users\123132\.m2\repository\com\sun\mail\jakarta.mail\1.6.5\jakarta.mail-1.6.5.jar;C:\Users\123132\.m2\repository\org\apache\james\apache-mime4j\0.6\apache-mime4j-0.6.jar;C:\Users\123132\.m2\repository\org\jboss\resteasy\resteasy-jackson2-provider\3.13.2.Final\resteasy-jackson2-provider-3.13.2.Final.jar;C:\Users\123132\.m2\repository\com\fasterxml\jackson\jaxrs\jackson-jaxrs-json-provider\2.14.3\jackson-jaxrs-json-provider-2.14.3.jar;C:\Users\123132\.m2\repository\com\fasterxml\jackson\jaxrs\jackson-jaxrs-base\2.14.3\jackson-jaxrs-base-2.14.3.jar;C:\Users\123132\.m2\repository\com\fasterxml\jackson\module\jackson-module-jaxb-annotations\2.14.3\jackson-module-jaxb-annotations-2.14.3.jar;C:\Users\123132\.m2\repository\com\github\fge\json-patch\1.9\json-patch-1.9.jar;C:\Users\123132\.m2\repository\com\github\fge\jackson-coreutils\1.6\jackson-coreutils-1.6.jar;C:\Users\123132\.m2\repository\com\github\fge\msg-simple\1.1\msg-simple-1.1.jar;C:\Users\123132\.m2\repository\com\github\fge\btf\1.2\btf-1.2.jar;C:\Users\123132\.m2\repository\com\google\guava\guava\28.1-jre\guava-28.1-jre.jar;C:\Users\123132\.m2\repository\com\google\guava\failureaccess\1.0.1\failureaccess-1.0.1.jar;C:\Users\123132\.m2\repository\com\google\guava\listenablefuture\9999.0-empty-to-avoid-conflict-with-guava\listenablefuture-9999.0-empty-to-avoid-conflict-with-guava.jar;C:\Users\123132\.m2\repository\org\jboss\resteasy\resteasy-jaxb-provider\3.13.2.Final\resteasy-jaxb-provider-3.13.2.Final.jar;C:\Users\123132\.m2\repository\org\jboss\spec\javax\xml\bind\jboss-jaxb-api_2.3_spec\2.0.0.Final\jboss-jaxb-api_2.3_spec-2.0.0.Final.jar;"/>
    <property name="sun.cpu.endian" value="little"/>
    <property name="user.home" value="C:\Users\123132"/>
    <property name="user.language" value="it"/>
    <property name="java.specification.vendor" value="Oracle Corporation"/>
    <property name="java.version.date" value="2023-04-18"/>
    <property name="java.home" value="C:\Users\123132\.jdks\corretto-17.0.7"/>
    <property name="file.separator" value="\"/>
    <property name="basedir" value="C:\Users\123132\IdeaProjects\eCommerceSneakers"/>
    <property name="java.vm.compressedOopsMode" value="32-bit"/>
    <property name="line.separator" value="&#10;"/>
    <property name="java.vm.specification.vendor" value="Oracle Corporation"/>
    <property name="java.specification.name" value="Java Platform API Specification"/>
    <property name="surefire.real.class.path" value="C:\Users\123132\AppData\Local\Temp\surefire15580840853926940098\surefirebooter1216500832902615269.jar"/>
    <property name="user.script" value=""/>
    <property name="sun.management.compiler" value="HotSpot 64-Bit Tiered Compilers"/>
    <property name="java.runtime.version" value="17.0.7+7-LTS"/>
    <property name="user.name" value="123132"/>
    <property name="path.separator" value=";"/>
    <property name="os.version" value="10.0"/>
    <property name="java.runtime.name" value="OpenJDK Runtime Environment"/>
    <property name="file.encoding" value="Cp1252"/>
    <property name="java.vm.name" value="OpenJDK 64-Bit Server VM"/>
    <property name="java.vendor.version" value="Corretto-17.0.7.7.1"/>
    <property name="localRepository" value="C:\Users\123132\.m2\repository"/>
    <property name="java.vendor.url.bug" value="https://github.com/corretto/corretto-17/issues/"/>
    <property name="java.io.tmpdir" value="C:\Users\123132\AppData\Local\Temp\"/>
    <property name="idea.version" value="2023.1.2"/>
    <property name="java.version" value="17.0.7"/>
    <property name="user.dir" value="C:\Users\123132\IdeaProjects\eCommerceSneakers"/>
    <property name="os.arch" value="amd64"/>
    <property name="java.vm.specification.name" value="Java Virtual Machine Specification"/>
    <property name="sun.os.patch.level" value=""/>
    <property name="native.encoding" value="Cp1252"/>
    <property name="java.library.path" value="C:\Users\123132\.jdks\corretto-17.0.7\bin;C:\WINDOWS\Sun\Java\bin;C:\WINDOWS\system32;C:\WINDOWS;C:\Program Files (x86)\VMware\VMware Workstation\bin\;C:\Program Files\Eclipse Foundation\jdk-8.0.302.8-hotspot\bin;C:\Program Files (x86)\Common Files\Oracle\Java\javapath;C:\Windows\system32;C:\Windows;C:\Windows\System32\Wbem;C:\Windows\System32\WindowsPowerShell\v1.0\;C:\Windows\System32\OpenSSH\;C:\Program Files (x86)\NVIDIA Corporation\PhysX\Common;C:\Program Files\NVIDIA Corporation\NVIDIA NvDLISR;C:\Program Files\Microsoft SQL Server\130\Tools\Binn\;C:\WINDOWS\system32;C:\WINDOWS;C:\WINDOWS\System32\Wbem;C:\WINDOWS\System32\WindowsPowerShell\v1.0\;C:\WINDOWS\System32\OpenSSH\;C:\Program Files\WireGuard\;C:\Program Files\Wolfram Research\WolframScript\;C:\Program Files\dotnet\;C:\Program Files\Microsoft SQL Server\Client SDK\ODBC\170\Tools\Binn\;%SystemRoot%\system32;%SystemRoot%;%SystemRoot%\System32\Wbem;%SYSTEMROOT%\System32\WindowsPowerShell\v1.0\;%SYSTEMROOT%\System32\OpenSSH\;C:\Users\123132\AppData\Local\Microsoft\WindowsApps;C:\Program Files (x86)\Microsoft Visual Studio\Shared\Python37_64\Scripts;C:\Users\123132\.dotnet\tools;C:\Program Files\JetBrains\IntelliJ IDEA 2023.1.2\bin;;C:\Users\123132\.jdks\corretto-17.0.7\bin;;."/>
    <property name="java.vm.info" value="mixed mode, sharing"/>
    <property name="java.vendor" value="Amazon.com Inc."/>
    <property name="java.vm.version" value="17.0.7+7-LTS"/>
    <property name="sun.io.unicode.encoding" value="UnicodeLittle"/>
    <property name="java.class.version" value="61.0"/>
  </properties>
  <testcase name="contextLoads" classname="com.example.ecommercesneakers.ECommerceSneakersApplicationTests" time="0.166"/>
</testsuite>